{"D:\\Programming\\JalaSoftBootCamp\\JalaBackend\\ts-class-tests\\src\\calc.ts": {"path":"D:\\Programming\\JalaSoftBootCamp\\JalaBackend\\ts-class-tests\\src\\calc.ts","statementMap":{"0":{"start":{"line":2,"column":4},"end":{"line":2,"column":15}},"1":{"start":{"line":1,"column":0},"end":{"line":1,"column":16}}},"fnMap":{"0":{"name":"sum","decl":{"start":{"line":1,"column":16},"end":{"line":1,"column":19}},"loc":{"start":{"line":1,"column":38},"end":{"line":3,"column":1}}}},"branchMap":{},"s":{"0":1,"1":1},"f":{"0":1},"b":{}}
,"D:\\Programming\\JalaSoftBootCamp\\JalaBackend\\ts-class-tests\\src\\king.ts": {"path":"D:\\Programming\\JalaSoftBootCamp\\JalaBackend\\ts-class-tests\\src\\king.ts","statementMap":{"0":{"start":{"line":1,"column":0},"end":{"line":1,"column":28}},"1":{"start":{"line":6,"column":8},"end":{"line":9,"column":66}},"2":{"start":{"line":4,"column":0},"end":{"line":4,"column":21}}},"fnMap":{"0":{"name":"(anonymous_1)","decl":{"start":{"line":5,"column":4},"end":{"line":5,"column":11}},"loc":{"start":{"line":5,"column":30},"end":{"line":10,"column":5}}}},"branchMap":{"0":{"loc":{"start":{"line":6,"column":15},"end":{"line":9,"column":65}},"type":"binary-expr","locations":[{"start":{"line":6,"column":15},"end":{"line":6,"column":102}},{"start":{"line":7,"column":19},"end":{"line":7,"column":78}},{"start":{"line":8,"column":19},"end":{"line":9,"column":65}}]},"1":{"loc":{"start":{"line":8,"column":21},"end":{"line":9,"column":64}},"type":"binary-expr","locations":[{"start":{"line":8,"column":21},"end":{"line":8,"column":66}},{"start":{"line":9,"column":19},"end":{"line":9,"column":64}}]}},"s":{"0":1,"1":4,"2":1},"f":{"0":4},"b":{"0":[4,4,3],"1":[3,2]}}
,"D:\\Programming\\JalaSoftBootCamp\\JalaBackend\\ts-class-tests\\src\\piece.ts": {"path":"D:\\Programming\\JalaSoftBootCamp\\JalaBackend\\ts-class-tests\\src\\piece.ts","statementMap":{"0":{"start":{"line":1,"column":0},"end":{"line":1,"column":34}},"1":{"start":{"line":7,"column":33},"end":{"line":7,"column":45}},"2":{"start":{"line":7,"column":55},"end":{"line":7,"column":65}},"3":{"start":{"line":7,"column":75},"end":{"line":7,"column":85}},"4":{"start":{"line":8,"column":8},"end":{"line":8,"column":49}},"5":{"start":{"line":9,"column":8},"end":{"line":9,"column":30}},"6":{"start":{"line":13,"column":8},"end":{"line":13,"column":24}},"7":{"start":{"line":14,"column":8},"end":{"line":14,"column":33}},"8":{"start":{"line":18,"column":8},"end":{"line":18,"column":29}},"9":{"start":{"line":4,"column":0},"end":{"line":4,"column":30}}},"fnMap":{"0":{"name":"(anonymous_1)","decl":{"start":{"line":7,"column":4},"end":{"line":7,"column":33}},"loc":{"start":{"line":7,"column":85},"end":{"line":10,"column":5}}},"1":{"name":"(anonymous_2)","decl":{"start":{"line":12,"column":4},"end":{"line":12,"column":10}},"loc":{"start":{"line":12,"column":29},"end":{"line":15,"column":5}}},"2":{"name":"(anonymous_3)","decl":{"start":{"line":17,"column":4},"end":{"line":17,"column":12}},"loc":{"start":{"line":17,"column":12},"end":{"line":19,"column":5}}}},"branchMap":{},"s":{"0":1,"1":1,"2":1,"3":1,"4":1,"5":1,"6":0,"7":0,"8":0,"9":1},"f":{"0":1,"1":0,"2":0},"b":{}}
,"D:\\Programming\\JalaSoftBootCamp\\JalaBackend\\ts-class-tests\\src\\position.ts": {"path":"D:\\Programming\\JalaSoftBootCamp\\JalaBackend\\ts-class-tests\\src\\position.ts","statementMap":{"0":{"start":{"line":4,"column":24},"end":{"line":4,"column":34}},"1":{"start":{"line":4,"column":44},"end":{"line":4,"column":54}},"2":{"start":{"line":6,"column":11},"end":{"line":6,"column":43}},"3":{"start":{"line":6,"column":33},"end":{"line":6,"column":42}},"4":{"start":{"line":7,"column":11},"end":{"line":7,"column":43}},"5":{"start":{"line":7,"column":33},"end":{"line":7,"column":42}},"6":{"start":{"line":3,"column":0},"end":{"line":3,"column":21}}},"fnMap":{"0":{"name":"(anonymous_0)","decl":{"start":{"line":4,"column":4},"end":{"line":4,"column":24}},"loc":{"start":{"line":4,"column":54},"end":{"line":4,"column":57}}},"1":{"name":"(anonymous_1)","decl":{"start":{"line":6,"column":21},"end":{"line":6,"column":30}},"loc":{"start":{"line":6,"column":33},"end":{"line":6,"column":42}}},"2":{"name":"(anonymous_2)","decl":{"start":{"line":7,"column":21},"end":{"line":7,"column":30}},"loc":{"start":{"line":7,"column":33},"end":{"line":7,"column":42}}}},"branchMap":{},"s":{"0":5,"1":5,"2":5,"3":12,"4":5,"5":14,"6":1},"f":{"0":5,"1":12,"2":14},"b":{}}
}
