TN:
SF:src\calc.ts
FN:1,sum
FNF:1
FNH:1
FNDA:1,sum
DA:1,1
DA:2,1
LF:2
LH:2
BRF:0
BRH:0
end_of_record
TN:
SF:src\king.ts
FN:5,(anonymous_1)
FNF:1
FNH:1
FNDA:4,(anonymous_1)
DA:1,1
DA:4,1
DA:6,4
LF:3
LH:3
BRDA:6,0,0,4
BRDA:6,0,1,4
BRDA:6,0,2,3
BRDA:8,1,0,3
BRDA:8,1,1,2
BRF:5
BRH:5
end_of_record
TN:
SF:src\piece.ts
FN:7,(anonymous_1)
FN:12,(anonymous_2)
FN:17,(anonymous_3)
FNF:3
FNH:1
FNDA:1,(anonymous_1)
FNDA:0,(anonymous_2)
FNDA:0,(anonymous_3)
DA:1,1
DA:4,1
DA:7,1
DA:8,1
DA:9,1
DA:13,0
DA:14,0
DA:18,0
LF:8
LH:5
BRF:0
BRH:0
end_of_record
TN:
SF:src\position.ts
FN:4,(anonymous_0)
FN:6,(anonymous_1)
FN:7,(anonymous_2)
FNF:3
FNH:3
FNDA:5,(anonymous_0)
FNDA:12,(anonymous_1)
FNDA:14,(anonymous_2)
DA:3,1
DA:4,5
DA:6,12
DA:7,14
LF:4
LH:4
BRF:0
BRH:0
end_of_record
