TN:
SF:src\bishop.ts
FN:4,(anonymous_1)
FNF:1
FNH:1
FNDA:7,(anonymous_1)
DA:1,1
DA:3,1
DA:6,7
DA:7,1
DA:10,6
LF:5
LH:5
BRDA:6,0,0,1
BRDA:6,1,0,7
BRDA:6,1,1,2
BRF:3
BRH:3
end_of_record
TN:
SF:src\calc.ts
FN:1,sum
FNF:1
FNH:1
FNDA:1,sum
DA:1,1
DA:2,1
LF:2
LH:2
BRF:0
BRH:0
end_of_record
TN:
SF:src\king.ts
FN:5,(anonymous_1)
FNF:1
FNH:1
FNDA:4,(anonymous_1)
DA:1,1
DA:4,1
DA:6,4
LF:3
LH:3
BRDA:6,0,0,4
BRDA:6,0,1,4
BRDA:6,0,2,3
BRDA:8,1,0,3
BRDA:8,1,1,2
BRF:5
BRH:5
end_of_record
TN:
SF:src\knight.ts
FN:5,(anonymous_1)
FNF:1
FNH:1
FNDA:5,(anonymous_1)
DA:1,1
DA:4,1
DA:6,5
LF:3
LH:3
BRDA:6,0,0,5
BRDA:6,0,1,0
BRDA:6,0,2,5
BRDA:6,0,3,2
BRF:4
BRH:3
end_of_record
TN:
SF:src\pawn.ts
FN:4,(anonymous_1)
FNF:1
FNH:1
FNDA:6,(anonymous_1)
DA:1,1
DA:3,1
DA:5,6
LF:3
LH:3
BRF:0
BRH:0
end_of_record
TN:
SF:src\piece.ts
FN:7,(anonymous_1)
FN:12,(anonymous_2)
FN:17,(anonymous_3)
FNF:3
FNH:1
FNDA:6,(anonymous_1)
FNDA:0,(anonymous_2)
FNDA:0,(anonymous_3)
DA:1,6
DA:4,6
DA:7,6
DA:8,6
DA:9,6
DA:13,0
DA:14,0
DA:18,0
LF:8
LH:5
BRF:0
BRH:0
end_of_record
TN:
SF:src\position.ts
FN:4,(anonymous_0)
FN:6,(anonymous_1)
FN:7,(anonymous_2)
FNF:3
FNH:3
FNDA:44,(anonymous_0)
FNDA:104,(anonymous_1)
FNDA:154,(anonymous_2)
DA:3,6
DA:4,44
DA:6,104
DA:7,154
LF:4
LH:4
BRF:0
BRH:0
end_of_record
TN:
SF:src\queen.ts
FN:5,(anonymous_1)
FNF:1
FNH:1
FNDA:9,(anonymous_1)
DA:1,1
DA:4,1
DA:6,9
DA:7,1
DA:10,8
LF:5
LH:5
BRDA:6,0,0,1
BRDA:6,1,0,9
BRDA:6,1,1,2
BRDA:10,2,0,8
BRDA:10,2,1,1
BRDA:10,2,2,8
BRDA:10,2,3,7
BRDA:10,2,4,6
BRF:8
BRH:8
end_of_record
TN:
SF:src\rook.ts
FN:5,(anonymous_1)
FNF:1
FNH:1
FNDA:7,(anonymous_1)
DA:2,1
DA:4,1
DA:7,7
DA:8,0
DA:11,7
LF:5
LH:4
BRDA:7,0,0,0
BRDA:7,1,0,7
BRDA:7,1,1,2
BRDA:11,2,0,7
BRDA:11,2,1,2
BRDA:11,2,2,7
BRDA:11,2,3,5
BRF:7
BRH:6
end_of_record
